2025-08-01 19:46:16,543 - INFO - åº”ç”¨å¯åŠ¨
2025-08-01 19:46:16,684 - INFO - 
  â”Œâ”€â”€â”€â”€â”€â”€â”€â”€â”€â”€â”€â”€â”€â”€â”€â”€â”€â”€â”€â”€â”€â”€â”€â”€â”€â”€â”€â”€â”€â”€â”€â”€â”€â”€â”€â”€â”€â”€â”€â”€â”€â”€â”€â”€â”€â”€â”€â”€â”€â”€â”€â”€â”€â”€â”€â”€â”€â”€â”€â”€â”€â”
  â”‚                        Sanic v23.6.0                        â”‚
  â”‚               Goin' Fast @ http://0.0.0.0:8000              â”‚
  â”œâ”€â”€â”€â”€â”€â”€â”€â”€â”€â”€â”€â”€â”€â”€â”€â”€â”€â”€â”€â”€â”€â”€â”€â”¬â”€â”€â”€â”€â”€â”€â”€â”€â”€â”€â”€â”€â”€â”€â”€â”€â”€â”€â”€â”€â”€â”€â”€â”€â”€â”€â”€â”€â”€â”€â”€â”€â”€â”€â”€â”€â”€â”¤
  â”‚ [48;2;255;13;104m                     [0m â”‚     mode: debug, single worker      â”‚
  â”‚ [38;2;255;255;255;48;2;255;13;104m    â–„â–ˆâ–ˆâ–ˆ â–ˆâ–ˆâ–ˆâ–ˆâ–ˆ â–ˆâ–ˆ    [0m â”‚   server: sanic, HTTP/1.1           â”‚
  â”‚ [38;2;255;255;255;48;2;255;13;104m   â–ˆâ–ˆ                [0m â”‚   python: 3.12.8                    â”‚
  â”‚ [38;2;255;255;255;48;2;255;13;104m    â–€â–ˆâ–ˆâ–ˆâ–ˆâ–ˆâ–ˆâ–ˆ â–ˆâ–ˆâ–ˆâ–„    [0m â”‚ platform: Windows-11-10.0.26100-SP0 â”‚
  â”‚ [38;2;255;255;255;48;2;255;13;104m                â–ˆâ–ˆ   [0m â”‚ packages: sanic-routing==23.12.0    â”‚
  â”‚ [38;2;255;255;255;48;2;255;13;104m   â–ˆâ–ˆâ–ˆâ–ˆ â–ˆâ–ˆâ–ˆâ–ˆâ–ˆâ–ˆâ–ˆâ–ˆâ–€    [0m â”‚                                     â”‚
  â”‚ [48;2;255;13;104m                     [0m â”‚                                     â”‚
  â”‚ Build Fast. Run Fast. â”‚                                     â”‚
  â””â”€â”€â”€â”€â”€â”€â”€â”€â”€â”€â”€â”€â”€â”€â”€â”€â”€â”€â”€â”€â”€â”€â”€â”´â”€â”€â”€â”€â”€â”€â”€â”€â”€â”€â”€â”€â”€â”€â”€â”€â”€â”€â”€â”€â”€â”€â”€â”€â”€â”€â”€â”€â”€â”€â”€â”€â”€â”€â”€â”€â”€â”˜

2025-08-01 19:46:17,131 - DEBUG - Creating multiprocessing context using 'spawn'
2025-08-01 19:46:17,131 - DEBUG - [34mStarting a process: [1m[38;2;255;13;104mSanic-Server-0-0[0m
2025-08-01 19:46:17,622 - DEBUG - [34mProcess ack: [1m[38;2;255;13;104mSanic-Server-0-0 [34m[60700][0m
2025-08-01 19:46:17,623 - INFO - <Server sockets=(<asyncio.TransportSocket fd=756, family=2, type=1, proto=6, laddr=('0.0.0.0', 8000)>,)> is serving
2025-08-01 19:46:17,633 - INFO - Starting worker [60700]
2025-08-01 19:46:28,979 - INFO - æ”¶åˆ°å›¾ç‰‡ä¸Šä¼ è¯·æ±‚
2025-08-01 19:46:29,029 - INFO - æ–‡ä»¶ä¿å­˜æˆåŠŸ: uploads\3dfc8f0ba80865a8_DSC08968.JPG
2025-08-01 19:46:29,029 - INFO - å¼€å§‹æè‡´è¶…çº§æ¸…æ™°å¢å¼º: uploads\3dfc8f0ba80865a8_DSC08968.JPG
2025-08-01 19:46:29,053 - INFO - å¼€å§‹ä¿®å¤å›¾ç‰‡æ–¹å‘...
2025-08-01 19:46:29,055 - INFO - æ£€æµ‹åˆ°å›¾ç‰‡æ–¹å‘ä¿¡æ¯: 1
2025-08-01 19:46:37,099 - INFO - å›¾ç‰‡å·²é«˜è´¨é‡æ”¾å¤§åˆ° 36864x24576
2025-08-01 19:46:50,737 - INFO - å›¾ç‰‡å·²å¤šçº§é”åŒ–å¤„ç†
2025-08-01 19:47:03,438 - INFO - å›¾ç‰‡å·²å¤šçº§é”åŒ–å¤„ç†
2025-08-01 19:47:17,409 - INFO - å›¾ç‰‡å·²å¤šçº§é”åŒ–å¤„ç†
2025-08-01 19:47:28,558 - INFO - å›¾ç‰‡å¯¹æ¯”åº¦å·²å¢å¼º
2025-08-01 19:47:38,442 - INFO - å›¾ç‰‡é¥±å’Œåº¦å·²å¢å¼º
2025-08-01 19:47:46,828 - INFO - å›¾ç‰‡äº®åº¦å·²è°ƒæ•´
2025-08-01 19:48:05,472 - INFO - å›¾ç‰‡å·²å†æ¬¡é”åŒ–
2025-08-01 19:48:28,517 - INFO - å›¾ç‰‡å·²æœ€ç»ˆè¾¹ç¼˜å¢å¼º
2025-08-01 19:48:50,237 - INFO - å›¾ç‰‡å·²æœ€ç»ˆé”åŒ–
2025-08-01 19:48:50,238 - INFO - æè‡´è¶…çº§æ¸…æ™°å¢å¼ºå®Œæˆ: uploads\3dfc8f0ba80865a8_DSC08968.JPG
2025-08-01 19:48:59,596 - INFO - å›¾ç‰‡å¤„ç†æˆåŠŸ: uploads\3dfc8f0ba80865a8_DSC08968.JPG
2025-08-01 19:49:02,265 - INFO - ä¸´æ—¶æ–‡ä»¶æ¸…ç†æˆåŠŸ: uploads\3dfc8f0ba80865a8_DSC08968.JPG
2025-08-01 19:49:02,404 - DEBUG - Sanic-CORS: Request to '/api/upload' matches CORS resource '/*'. Using options: {'origins': ['.*'], 'methods': 'DELETE, GET, HEAD, OPTIONS, PATCH, POST, PUT', 'allow_headers': ['.*'], 'expose_headers': None, 'supports_credentials': False, 'max_age': None, 'send_wildcard': False, 'automatic_options': True, 'vary_header': True, 'resources': '/*', 'intercept_exceptions': True, 'always_send': True}
2025-08-01 19:49:02,840 - INFO - 
2025-08-01 19:49:03,264 - WARNING - Executing <Task pending name='Task-7' coro=<HttpProtocol.connection_task() running at C:\Users\root\AppData\Local\Programs\Python\Python312\Lib\site-packages\sanic\server\protocols\http_protocol.py:153> wait_for=<Future pending cb=[Task.task_wakeup()] created at C:\Users\root\AppData\Local\Programs\Python\Python312\Lib\asyncio\base_events.py:448> created at C:\Users\root\AppData\Local\Programs\Python\Python312\Lib\site-packages\sanic\server\protocols\http_protocol.py:265> took 154.234 seconds
2025-08-01 19:49:36,057 - INFO - æ”¶åˆ°å›¾ç‰‡ä¸Šä¼ è¯·æ±‚
2025-08-01 19:49:36,066 - INFO - æ–‡ä»¶ä¿å­˜æˆåŠŸ: uploads\485a6acfd84a8040_DSC08968.JPG
2025-08-01 19:49:36,066 - INFO - å¼€å§‹æè‡´è¶…çº§æ¸…æ™°å¢å¼º: uploads\485a6acfd84a8040_DSC08968.JPG
2025-08-01 19:49:36,075 - INFO - å¼€å§‹ä¿®å¤å›¾ç‰‡æ–¹å‘...
2025-08-01 19:49:36,076 - INFO - æ£€æµ‹åˆ°å›¾ç‰‡æ–¹å‘ä¿¡æ¯: 1
2025-08-01 19:49:43,552 - INFO - å›¾ç‰‡å·²é«˜è´¨é‡æ”¾å¤§åˆ° 36864x24576
2025-08-01 19:49:56,736 - INFO - å›¾ç‰‡å·²å¤šçº§é”åŒ–å¤„ç†
2025-08-01 19:50:09,603 - INFO - å›¾ç‰‡å·²å¤šçº§é”åŒ–å¤„ç†
2025-08-01 19:50:23,512 - INFO - å›¾ç‰‡å·²å¤šçº§é”åŒ–å¤„ç†
2025-08-01 19:50:35,079 - INFO - å›¾ç‰‡å¯¹æ¯”åº¦å·²å¢å¼º
2025-08-01 19:50:45,989 - INFO - å›¾ç‰‡é¥±å’Œåº¦å·²å¢å¼º
2025-08-01 19:50:54,831 - INFO - å›¾ç‰‡äº®åº¦å·²è°ƒæ•´
2025-08-01 19:51:13,532 - INFO - å›¾ç‰‡å·²å†æ¬¡é”åŒ–
2025-08-01 19:51:36,220 - INFO - å›¾ç‰‡å·²æœ€ç»ˆè¾¹ç¼˜å¢å¼º
2025-08-01 19:51:58,428 - INFO - å›¾ç‰‡å·²æœ€ç»ˆé”åŒ–
2025-08-01 19:51:58,429 - INFO - æè‡´è¶…çº§æ¸…æ™°å¢å¼ºå®Œæˆ: uploads\485a6acfd84a8040_DSC08968.JPG
2025-08-01 19:52:08,273 - INFO - å›¾ç‰‡å¤„ç†æˆåŠŸ: uploads\485a6acfd84a8040_DSC08968.JPG
2025-08-01 19:52:11,238 - INFO - ä¸´æ—¶æ–‡ä»¶æ¸…ç†æˆåŠŸ: uploads\485a6acfd84a8040_DSC08968.JPG
2025-08-01 19:52:11,396 - DEBUG - Sanic-CORS: Request to '/api/upload' matches CORS resource '/*'. Using options: {'origins': ['.*'], 'methods': 'DELETE, GET, HEAD, OPTIONS, PATCH, POST, PUT', 'allow_headers': ['.*'], 'expose_headers': None, 'supports_credentials': False, 'max_age': None, 'send_wildcard': False, 'automatic_options': True, 'vary_header': True, 'resources': '/*', 'intercept_exceptions': True, 'always_send': True}
2025-08-01 19:52:11,850 - INFO - 
2025-08-01 19:52:12,412 - WARNING - Executing <Task pending name='Task-7' coro=<HttpProtocol.connection_task() running at C:\Users\root\AppData\Local\Programs\Python\Python312\Lib\site-packages\sanic\server\protocols\http_protocol.py:153> wait_for=<Future pending cb=[Task.task_wakeup()] created at C:\Users\root\AppData\Local\Programs\Python\Python312\Lib\asyncio\base_events.py:448> created at C:\Users\root\AppData\Local\Programs\Python\Python312\Lib\site-packages\sanic\server\protocols\http_protocol.py:265> took 156.344 seconds
2025-08-01 19:52:55,823 - INFO - æ”¶åˆ°å›¾ç‰‡ä¸Šä¼ è¯·æ±‚
2025-08-01 19:52:55,831 - INFO - æ–‡ä»¶ä¿å­˜æˆåŠŸ: uploads\48ef9dfd305b980f_DSC08968.JPG
2025-08-01 19:52:55,831 - INFO - å¼€å§‹è¶…çº§è´¨é‡å¢å¼º: uploads\48ef9dfd305b980f_DSC08968.JPG
2025-08-01 19:52:55,840 - INFO - å¼€å§‹ä¿®å¤å›¾ç‰‡æ–¹å‘...
2025-08-01 19:52:55,841 - INFO - æ£€æµ‹åˆ°å›¾ç‰‡æ–¹å‘ä¿¡æ¯: 1
2025-08-01 19:52:56,541 - INFO - å›¾ç‰‡å·²é«˜è´¨é‡æ”¾å¤§åˆ° 9216x6144
2025-08-01 19:52:57,352 - INFO - å›¾ç‰‡å·²æ¸©å’Œé”åŒ–å¤„ç†
2025-08-01 19:52:57,890 - INFO - å›¾ç‰‡å¯¹æ¯”åº¦å·²å¢å¼º
2025-08-01 19:52:58,291 - INFO - å›¾ç‰‡é¥±å’Œåº¦å·²å¢å¼º
2025-08-01 19:52:58,645 - INFO - å›¾ç‰‡äº®åº¦å·²è°ƒæ•´
2025-08-01 19:52:59,499 - INFO - å›¾ç‰‡å·²ç»†èŠ‚å¢å¼º
2025-08-01 19:52:59,500 - INFO - è¶…çº§è´¨é‡å¢å¼ºå®Œæˆ: uploads\48ef9dfd305b980f_DSC08968.JPG
2025-08-01 19:52:59,836 - INFO - å›¾ç‰‡å¤„ç†æˆåŠŸ: uploads\48ef9dfd305b980f_DSC08968.JPG
2025-08-01 19:52:59,908 - INFO - ä¸´æ—¶æ–‡ä»¶æ¸…ç†æˆåŠŸ: uploads\48ef9dfd305b980f_DSC08968.JPG
2025-08-01 19:52:59,916 - DEBUG - Sanic-CORS: Request to '/api/upload' matches CORS resource '/*'. Using options: {'origins': ['.*'], 'methods': 'DELETE, GET, HEAD, OPTIONS, PATCH, POST, PUT', 'allow_headers': ['.*'], 'expose_headers': None, 'supports_credentials': False, 'max_age': None, 'send_wildcard': False, 'automatic_options': True, 'vary_header': True, 'resources': '/*', 'intercept_exceptions': True, 'always_send': True}
2025-08-01 19:52:59,923 - INFO - 
2025-08-01 19:52:59,933 - WARNING - Executing <Task pending name='Task-7' coro=<HttpProtocol.connection_task() running at C:\Users\root\AppData\Local\Programs\Python\Python312\Lib\site-packages\sanic\server\protocols\http_protocol.py:153> wait_for=<Future pending cb=[Task.task_wakeup()] created at C:\Users\root\AppData\Local\Programs\Python\Python312\Lib\asyncio\base_events.py:448> created at C:\Users\root\AppData\Local\Programs\Python\Python312\Lib\site-packages\sanic\server\protocols\http_protocol.py:265> took 4.109 seconds
2025-08-01 19:55:12,426 - DEBUG - KeepAlive Timeout. Closing connection.
2025-08-01 20:09:04,500 - WARNING - Executing <TimerHandle when=1119117.506 _set_result_unless_cancelled(<Future finis...events.py:448>, None) at C:\Users\root\AppData\Local\Programs\Python\Python312\Lib\asyncio\futures.py:313 created at C:\Users\root\AppData\Local\Programs\Python\Python312\Lib\asyncio\tasks.py:661> took 9.546 seconds
2025-08-01 20:57:55,849 - INFO - åº”ç”¨å¯åŠ¨
2025-08-01 20:57:55,943 - INFO - 
  â”Œâ”€â”€â”€â”€â”€â”€â”€â”€â”€â”€â”€â”€â”€â”€â”€â”€â”€â”€â”€â”€â”€â”€â”€â”€â”€â”€â”€â”€â”€â”€â”€â”€â”€â”€â”€â”€â”€â”€â”€â”€â”€â”€â”€â”€â”€â”€â”€â”€â”€â”€â”€â”€â”€â”€â”€â”€â”€â”€â”€â”€â”€â”
  â”‚                        Sanic v23.6.0                        â”‚
  â”‚               Goin' Fast @ http://0.0.0.0:8000              â”‚
  â”œâ”€â”€â”€â”€â”€â”€â”€â”€â”€â”€â”€â”€â”€â”€â”€â”€â”€â”€â”€â”€â”€â”€â”€â”¬â”€â”€â”€â”€â”€â”€â”€â”€â”€â”€â”€â”€â”€â”€â”€â”€â”€â”€â”€â”€â”€â”€â”€â”€â”€â”€â”€â”€â”€â”€â”€â”€â”€â”€â”€â”€â”€â”¤
  â”‚ [48;2;255;13;104m                     [0m â”‚     mode: debug, single worker      â”‚
  â”‚ [38;2;255;255;255;48;2;255;13;104m    â–„â–ˆâ–ˆâ–ˆ â–ˆâ–ˆâ–ˆâ–ˆâ–ˆ â–ˆâ–ˆ    [0m â”‚   server: sanic, HTTP/1.1           â”‚
  â”‚ [38;2;255;255;255;48;2;255;13;104m   â–ˆâ–ˆ                [0m â”‚   python: 3.12.8                    â”‚
  â”‚ [38;2;255;255;255;48;2;255;13;104m    â–€â–ˆâ–ˆâ–ˆâ–ˆâ–ˆâ–ˆâ–ˆ â–ˆâ–ˆâ–ˆâ–„    [0m â”‚ platform: Windows-11-10.0.26100-SP0 â”‚
  â”‚ [38;2;255;255;255;48;2;255;13;104m                â–ˆâ–ˆ   [0m â”‚ packages: sanic-routing==23.12.0    â”‚
  â”‚ [38;2;255;255;255;48;2;255;13;104m   â–ˆâ–ˆâ–ˆâ–ˆ â–ˆâ–ˆâ–ˆâ–ˆâ–ˆâ–ˆâ–ˆâ–ˆâ–€    [0m â”‚                                     â”‚
  â”‚ [48;2;255;13;104m                     [0m â”‚                                     â”‚
  â”‚ Build Fast. Run Fast. â”‚                                     â”‚
  â””â”€â”€â”€â”€â”€â”€â”€â”€â”€â”€â”€â”€â”€â”€â”€â”€â”€â”€â”€â”€â”€â”€â”€â”´â”€â”€â”€â”€â”€â”€â”€â”€â”€â”€â”€â”€â”€â”€â”€â”€â”€â”€â”€â”€â”€â”€â”€â”€â”€â”€â”€â”€â”€â”€â”€â”€â”€â”€â”€â”€â”€â”˜

2025-08-01 20:57:56,343 - DEBUG - Creating multiprocessing context using 'spawn'
2025-08-01 20:57:56,344 - DEBUG - [34mStarting a process: [1m[38;2;255;13;104mSanic-Server-0-0[0m
2025-08-01 20:57:56,791 - DEBUG - [34mProcess ack: [1m[38;2;255;13;104mSanic-Server-0-0 [34m[14940][0m
2025-08-01 20:57:56,792 - INFO - <Server sockets=(<asyncio.TransportSocket fd=792, family=2, type=1, proto=6, laddr=('0.0.0.0', 8000)>,)> is serving
2025-08-01 20:57:56,801 - INFO - Starting worker [14940]
2025-08-01 20:58:10,867 - INFO - æ”¶åˆ°å›¾ç‰‡ä¸Šä¼ è¯·æ±‚
2025-08-01 20:58:10,903 - INFO - æ–‡ä»¶ä¿å­˜æˆåŠŸ: uploads\6fc18aa0bbf85d89_DSC08962.JPG
2025-08-01 20:58:10,903 - INFO - å¼€å§‹æè‡´è¶…çº§æ¸…æ™°å¢å¼º: uploads\6fc18aa0bbf85d89_DSC08962.JPG
2025-08-01 20:58:10,947 - INFO - å¼€å§‹ä¿®å¤å›¾ç‰‡æ–¹å‘...
2025-08-01 20:58:10,950 - INFO - æ£€æµ‹åˆ°å›¾ç‰‡æ–¹å‘ä¿¡æ¯: 8
2025-08-01 20:58:11,082 - INFO - å›¾ç‰‡æ—‹è½¬90åº¦
2025-08-01 20:58:18,783 - INFO - å›¾ç‰‡å·²é«˜è´¨é‡æ”¾å¤§åˆ° 24576x36864
2025-08-01 20:58:28,226 - INFO - Received signal SIGINT. Shutting down.
2025-08-01 20:58:28,226 - DEBUG - [34mTerminating a process: [1m[38;2;255;13;104mSanic-Server-0-0 [34m[14940][0m
2025-08-01 20:58:28,227 - INFO - Server Stopped
2025-08-01 20:58:32,460 - INFO - åº”ç”¨å¯åŠ¨
2025-08-01 20:58:32,511 - INFO - 
  â”Œâ”€â”€â”€â”€â”€â”€â”€â”€â”€â”€â”€â”€â”€â”€â”€â”€â”€â”€â”€â”€â”€â”€â”€â”€â”€â”€â”€â”€â”€â”€â”€â”€â”€â”€â”€â”€â”€â”€â”€â”€â”€â”€â”€â”€â”€â”€â”€â”€â”€â”€â”€â”€â”€â”€â”€â”€â”€â”€â”€â”€â”€â”
  â”‚                        Sanic v23.6.0                        â”‚
  â”‚               Goin' Fast @ http://0.0.0.0:8000              â”‚
  â”œâ”€â”€â”€â”€â”€â”€â”€â”€â”€â”€â”€â”€â”€â”€â”€â”€â”€â”€â”€â”€â”€â”€â”€â”¬â”€â”€â”€â”€â”€â”€â”€â”€â”€â”€â”€â”€â”€â”€â”€â”€â”€â”€â”€â”€â”€â”€â”€â”€â”€â”€â”€â”€â”€â”€â”€â”€â”€â”€â”€â”€â”€â”¤
  â”‚ [48;2;255;13;104m                     [0m â”‚     mode: debug, single worker      â”‚
  â”‚ [38;2;255;255;255;48;2;255;13;104m    â–„â–ˆâ–ˆâ–ˆ â–ˆâ–ˆâ–ˆâ–ˆâ–ˆ â–ˆâ–ˆ    [0m â”‚   server: sanic, HTTP/1.1           â”‚
  â”‚ [38;2;255;255;255;48;2;255;13;104m   â–ˆâ–ˆ                [0m â”‚   python: 3.12.8                    â”‚
  â”‚ [38;2;255;255;255;48;2;255;13;104m    â–€â–ˆâ–ˆâ–ˆâ–ˆâ–ˆâ–ˆâ–ˆ â–ˆâ–ˆâ–ˆâ–„    [0m â”‚ platform: Windows-11-10.0.26100-SP0 â”‚
  â”‚ [38;2;255;255;255;48;2;255;13;104m                â–ˆâ–ˆ   [0m â”‚ packages: sanic-routing==23.12.0    â”‚
  â”‚ [38;2;255;255;255;48;2;255;13;104m   â–ˆâ–ˆâ–ˆâ–ˆ â–ˆâ–ˆâ–ˆâ–ˆâ–ˆâ–ˆâ–ˆâ–ˆâ–€    [0m â”‚                                     â”‚
  â”‚ [48;2;255;13;104m                     [0m â”‚                                     â”‚
  â”‚ Build Fast. Run Fast. â”‚                                     â”‚
  â””â”€â”€â”€â”€â”€â”€â”€â”€â”€â”€â”€â”€â”€â”€â”€â”€â”€â”€â”€â”€â”€â”€â”€â”´â”€â”€â”€â”€â”€â”€â”€â”€â”€â”€â”€â”€â”€â”€â”€â”€â”€â”€â”€â”€â”€â”€â”€â”€â”€â”€â”€â”€â”€â”€â”€â”€â”€â”€â”€â”€â”€â”˜

2025-08-01 20:58:32,917 - DEBUG - Creating multiprocessing context using 'spawn'
2025-08-01 20:58:32,918 - DEBUG - [34mStarting a process: [1m[38;2;255;13;104mSanic-Server-0-0[0m
2025-08-01 20:58:33,337 - DEBUG - [34mProcess ack: [1m[38;2;255;13;104mSanic-Server-0-0 [34m[12808][0m
2025-08-01 20:58:33,338 - INFO - <Server sockets=(<asyncio.TransportSocket fd=472, family=2, type=1, proto=6, laddr=('0.0.0.0', 8000)>,)> is serving
2025-08-01 20:58:33,340 - INFO - Starting worker [12808]
2025-08-01 20:59:27,436 - INFO - æ”¶åˆ°å›¾ç‰‡ä¸Šä¼ è¯·æ±‚
2025-08-01 20:59:27,448 - INFO - æ–‡ä»¶ä¿å­˜æˆåŠŸ: uploads\9854f055aa13f627_DSC08968.JPG
2025-08-01 20:59:27,448 - INFO - å¼€å§‹åŸºç¡€å¢å¼º: uploads\9854f055aa13f627_DSC08968.JPG
2025-08-01 20:59:27,465 - INFO - å¼€å§‹ä¿®å¤å›¾ç‰‡æ–¹å‘...
2025-08-01 20:59:27,466 - INFO - æ£€æµ‹åˆ°å›¾ç‰‡æ–¹å‘ä¿¡æ¯: 1
2025-08-01 20:59:28,138 - INFO - å›¾ç‰‡å·²æ”¾å¤§åˆ° 9216x6144
2025-08-01 20:59:28,926 - INFO - å›¾ç‰‡å·²è½»å¾®é”åŒ–
2025-08-01 20:59:29,421 - INFO - å›¾ç‰‡å¯¹æ¯”åº¦å·²å¢å¼º
2025-08-01 20:59:29,742 - INFO - å›¾ç‰‡äº®åº¦å·²å¢å¼º
2025-08-01 20:59:29,742 - INFO - åŸºç¡€å¢å¼ºå®Œæˆ: uploads\9854f055aa13f627_DSC08968.JPG
2025-08-01 20:59:29,919 - INFO - å›¾ç‰‡å¤„ç†æˆåŠŸ: uploads\9854f055aa13f627_DSC08968.JPG
2025-08-01 20:59:29,947 - INFO - ä¸´æ—¶æ–‡ä»¶æ¸…ç†æˆåŠŸ: uploads\9854f055aa13f627_DSC08968.JPG
2025-08-01 20:59:29,953 - DEBUG - Sanic-CORS: Request to '/api/upload' matches CORS resource '/*'. Using options: {'origins': ['.*'], 'methods': 'DELETE, GET, HEAD, OPTIONS, PATCH, POST, PUT', 'allow_headers': ['.*'], 'expose_headers': None, 'supports_credentials': False, 'max_age': None, 'send_wildcard': False, 'automatic_options': True, 'vary_header': True, 'resources': '/*', 'intercept_exceptions': True, 'always_send': True}
2025-08-01 20:59:29,956 - INFO - 
2025-08-01 20:59:29,959 - WARNING - Executing <Task pending name='Task-7' coro=<HttpProtocol.connection_task() running at C:\Users\root\AppData\Local\Programs\Python\Python312\Lib\site-packages\sanic\server\protocols\http_protocol.py:153> wait_for=<Future pending cb=[Task.task_wakeup()] created at C:\Users\root\AppData\Local\Programs\Python\Python312\Lib\asyncio\base_events.py:448> created at C:\Users\root\AppData\Local\Programs\Python\Python312\Lib\site-packages\sanic\server\protocols\http_protocol.py:265> took 2.516 seconds
2025-08-01 21:01:57,478 - DEBUG - KeepAlive Timeout. Closing connection.
2025-08-01 21:04:11,458 - INFO - æ”¶åˆ°å›¾ç‰‡ä¸Šä¼ è¯·æ±‚
2025-08-01 21:04:11,466 - INFO - æ–‡ä»¶ä¿å­˜æˆåŠŸ: uploads\5bbf49c5be5a00c4_DSC08968.JPG
2025-08-01 21:04:11,466 - INFO - å¼€å§‹æè‡´è¶…çº§æ¸…æ™°å¢å¼º: uploads\5bbf49c5be5a00c4_DSC08968.JPG
2025-08-01 21:04:11,474 - INFO - å¼€å§‹ä¿®å¤å›¾ç‰‡æ–¹å‘...
2025-08-01 21:04:11,475 - INFO - æ£€æµ‹åˆ°å›¾ç‰‡æ–¹å‘ä¿¡æ¯: 1
2025-08-01 21:04:13,497 - INFO - å›¾ç‰‡å·²é«˜è´¨é‡æ”¾å¤§åˆ° 18432x12288
2025-08-01 21:04:16,622 - INFO - å›¾ç‰‡å·²å¤šçº§é”åŒ–å¤„ç†
2025-08-01 21:04:19,787 - INFO - å›¾ç‰‡å·²å¤šçº§é”åŒ–å¤„ç†
2025-08-01 21:04:23,379 - INFO - å›¾ç‰‡å·²å¤šçº§é”åŒ–å¤„ç†
2025-08-01 21:04:26,342 - INFO - å›¾ç‰‡å¯¹æ¯”åº¦å·²å¢å¼º
2025-08-01 21:04:29,056 - INFO - å›¾ç‰‡é¥±å’Œåº¦å·²å¢å¼º
2025-08-01 21:04:31,522 - INFO - å›¾ç‰‡äº®åº¦å·²è°ƒæ•´
2025-08-01 21:04:36,786 - INFO - å›¾ç‰‡å·²å†æ¬¡é”åŒ–
2025-08-01 21:04:42,346 - INFO - å›¾ç‰‡å·²æœ€ç»ˆè¾¹ç¼˜å¢å¼º
2025-08-01 21:04:47,663 - INFO - å›¾ç‰‡å·²æœ€ç»ˆé”åŒ–
2025-08-01 21:04:47,663 - INFO - æè‡´è¶…çº§æ¸…æ™°å¢å¼ºå®Œæˆ: uploads\5bbf49c5be5a00c4_DSC08968.JPG
2025-08-01 21:04:50,041 - INFO - å›¾ç‰‡å¤„ç†æˆåŠŸ: uploads\5bbf49c5be5a00c4_DSC08968.JPG
2025-08-01 21:04:50,770 - INFO - ä¸´æ—¶æ–‡ä»¶æ¸…ç†æˆåŠŸ: uploads\5bbf49c5be5a00c4_DSC08968.JPG
2025-08-01 21:04:50,818 - DEBUG - Sanic-CORS: Request to '/api/upload' matches CORS resource '/*'. Using options: {'origins': ['.*'], 'methods': 'DELETE, GET, HEAD, OPTIONS, PATCH, POST, PUT', 'allow_headers': ['.*'], 'expose_headers': None, 'supports_credentials': False, 'max_age': None, 'send_wildcard': False, 'automatic_options': True, 'vary_header': True, 'resources': '/*', 'intercept_exceptions': True, 'always_send': True}
2025-08-01 21:04:50,930 - INFO - 
2025-08-01 21:04:50,989 - WARNING - Executing <Task pending name='Task-11' coro=<HttpProtocol.connection_task() running at C:\Users\root\AppData\Local\Programs\Python\Python312\Lib\site-packages\sanic\server\protocols\http_protocol.py:153> wait_for=<Future pending cb=[Task.task_wakeup()] created at C:\Users\root\AppData\Local\Programs\Python\Python312\Lib\asyncio\base_events.py:448> created at C:\Users\root\AppData\Local\Programs\Python\Python312\Lib\site-packages\sanic\server\protocols\http_protocol.py:265> took 39.531 seconds
2025-08-01 21:05:26,844 - INFO - æ”¶åˆ°å›¾ç‰‡ä¸Šä¼ è¯·æ±‚
2025-08-01 21:05:26,852 - INFO - æ–‡ä»¶ä¿å­˜æˆåŠŸ: uploads\630bff94d2251856_DSC08968.JPG
2025-08-01 21:05:26,852 - INFO - å¼€å§‹æè‡´è¶…çº§æ¸…æ™°å¢å¼º: uploads\630bff94d2251856_DSC08968.JPG
2025-08-01 21:05:26,861 - INFO - å¼€å§‹ä¿®å¤å›¾ç‰‡æ–¹å‘...
2025-08-01 21:05:26,862 - INFO - æ£€æµ‹åˆ°å›¾ç‰‡æ–¹å‘ä¿¡æ¯: 1
2025-08-01 21:05:28,882 - INFO - å›¾ç‰‡å·²é«˜è´¨é‡æ”¾å¤§åˆ° 18432x12288
2025-08-01 21:05:31,967 - INFO - å›¾ç‰‡å·²å¤šçº§é”åŒ–å¤„ç†
2025-08-01 21:05:35,062 - INFO - å›¾ç‰‡å·²å¤šçº§é”åŒ–å¤„ç†
2025-08-01 21:05:38,638 - INFO - å›¾ç‰‡å·²å¤šçº§é”åŒ–å¤„ç†
2025-08-01 21:05:41,577 - INFO - å›¾ç‰‡å¯¹æ¯”åº¦å·²å¢å¼º
2025-08-01 21:05:44,264 - INFO - å›¾ç‰‡é¥±å’Œåº¦å·²å¢å¼º
2025-08-01 21:05:46,730 - INFO - å›¾ç‰‡äº®åº¦å·²è°ƒæ•´
2025-08-01 21:05:51,978 - INFO - å›¾ç‰‡å·²å†æ¬¡é”åŒ–
2025-08-01 21:05:57,515 - INFO - å›¾ç‰‡å·²æœ€ç»ˆè¾¹ç¼˜å¢å¼º
2025-08-01 21:06:02,800 - INFO - å›¾ç‰‡å·²æœ€ç»ˆé”åŒ–
2025-08-01 21:06:02,800 - INFO - æè‡´è¶…çº§æ¸…æ™°å¢å¼ºå®Œæˆ: uploads\630bff94d2251856_DSC08968.JPG
2025-08-01 21:06:05,135 - INFO - å›¾ç‰‡å¤„ç†æˆåŠŸ: uploads\630bff94d2251856_DSC08968.JPG
2025-08-01 21:06:05,858 - INFO - ä¸´æ—¶æ–‡ä»¶æ¸…ç†æˆåŠŸ: uploads\630bff94d2251856_DSC08968.JPG
2025-08-01 21:06:05,910 - DEBUG - Sanic-CORS: Request to '/api/upload' matches CORS resource '/*'. Using options: {'origins': ['.*'], 'methods': 'DELETE, GET, HEAD, OPTIONS, PATCH, POST, PUT', 'allow_headers': ['.*'], 'expose_headers': None, 'supports_credentials': False, 'max_age': None, 'send_wildcard': False, 'automatic_options': True, 'vary_header': True, 'resources': '/*', 'intercept_exceptions': True, 'always_send': True}
2025-08-01 21:06:06,020 - INFO - 
2025-08-01 21:06:06,081 - WARNING - Executing <Task pending name='Task-11' coro=<HttpProtocol.connection_task() running at C:\Users\root\AppData\Local\Programs\Python\Python312\Lib\site-packages\sanic\server\protocols\http_protocol.py:153> wait_for=<Future pending cb=[Task.task_wakeup()] created at C:\Users\root\AppData\Local\Programs\Python\Python312\Lib\asyncio\base_events.py:448> created at C:\Users\root\AppData\Local\Programs\Python\Python312\Lib\site-packages\sanic\server\protocols\http_protocol.py:265> took 39.235 seconds
2025-08-01 21:06:48,394 - INFO - Received signal SIGINT. Shutting down.
2025-08-01 21:06:48,394 - DEBUG - [34mTerminating a process: [1m[38;2;255;13;104mSanic-Server-0-0 [34m[12808][0m
2025-08-01 21:06:48,395 - INFO - Server Stopped
2025-08-01 21:06:51,524 - INFO - åº”ç”¨å¯åŠ¨
2025-08-01 21:06:51,615 - INFO - 
  â”Œâ”€â”€â”€â”€â”€â”€â”€â”€â”€â”€â”€â”€â”€â”€â”€â”€â”€â”€â”€â”€â”€â”€â”€â”€â”€â”€â”€â”€â”€â”€â”€â”€â”€â”€â”€â”€â”€â”€â”€â”€â”€â”€â”€â”€â”€â”€â”€â”€â”€â”€â”€â”€â”€â”€â”€â”€â”€â”€â”€â”€â”€â”
  â”‚                        Sanic v23.6.0                        â”‚
  â”‚               Goin' Fast @ http://0.0.0.0:8000              â”‚
  â”œâ”€â”€â”€â”€â”€â”€â”€â”€â”€â”€â”€â”€â”€â”€â”€â”€â”€â”€â”€â”€â”€â”€â”€â”¬â”€â”€â”€â”€â”€â”€â”€â”€â”€â”€â”€â”€â”€â”€â”€â”€â”€â”€â”€â”€â”€â”€â”€â”€â”€â”€â”€â”€â”€â”€â”€â”€â”€â”€â”€â”€â”€â”¤
  â”‚ [48;2;255;13;104m                     [0m â”‚     mode: debug, single worker      â”‚
  â”‚ [38;2;255;255;255;48;2;255;13;104m    â–„â–ˆâ–ˆâ–ˆ â–ˆâ–ˆâ–ˆâ–ˆâ–ˆ â–ˆâ–ˆ    [0m â”‚   server: sanic, HTTP/1.1           â”‚
  â”‚ [38;2;255;255;255;48;2;255;13;104m   â–ˆâ–ˆ                [0m â”‚   python: 3.12.8                    â”‚
  â”‚ [38;2;255;255;255;48;2;255;13;104m    â–€â–ˆâ–ˆâ–ˆâ–ˆâ–ˆâ–ˆâ–ˆ â–ˆâ–ˆâ–ˆâ–„    [0m â”‚ platform: Windows-11-10.0.26100-SP0 â”‚
  â”‚ [38;2;255;255;255;48;2;255;13;104m                â–ˆâ–ˆ   [0m â”‚ packages: sanic-routing==23.12.0    â”‚
  â”‚ [38;2;255;255;255;48;2;255;13;104m   â–ˆâ–ˆâ–ˆâ–ˆ â–ˆâ–ˆâ–ˆâ–ˆâ–ˆâ–ˆâ–ˆâ–ˆâ–€    [0m â”‚                                     â”‚
  â”‚ [48;2;255;13;104m                     [0m â”‚                                     â”‚
  â”‚ Build Fast. Run Fast. â”‚                                     â”‚
  â””â”€â”€â”€â”€â”€â”€â”€â”€â”€â”€â”€â”€â”€â”€â”€â”€â”€â”€â”€â”€â”€â”€â”€â”´â”€â”€â”€â”€â”€â”€â”€â”€â”€â”€â”€â”€â”€â”€â”€â”€â”€â”€â”€â”€â”€â”€â”€â”€â”€â”€â”€â”€â”€â”€â”€â”€â”€â”€â”€â”€â”€â”˜

2025-08-01 21:06:52,019 - DEBUG - Creating multiprocessing context using 'spawn'
2025-08-01 21:06:52,020 - DEBUG - [34mStarting a process: [1m[38;2;255;13;104mSanic-Server-0-0[0m
2025-08-01 21:06:52,419 - DEBUG - [34mProcess ack: [1m[38;2;255;13;104mSanic-Server-0-0 [34m[13348][0m
2025-08-01 21:06:52,422 - INFO - <Server sockets=(<asyncio.TransportSocket fd=748, family=2, type=1, proto=6, laddr=('0.0.0.0', 8000)>,)> is serving
2025-08-01 21:06:52,423 - INFO - Starting worker [13348]
2025-08-01 21:06:59,967 - INFO - æ”¶åˆ°å›¾ç‰‡ä¸Šä¼ è¯·æ±‚
2025-08-01 21:06:59,977 - INFO - æ–‡ä»¶ä¿å­˜æˆåŠŸ: uploads\7157c58007c449d8_DSC08968.JPG
2025-08-01 21:06:59,977 - INFO - å¼€å§‹æè‡´è¶…çº§æ¸…æ™°å¢å¼º: uploads\7157c58007c449d8_DSC08968.JPG
2025-08-01 21:06:59,994 - INFO - å¼€å§‹ä¿®å¤å›¾ç‰‡æ–¹å‘...
2025-08-01 21:06:59,996 - INFO - æ£€æµ‹åˆ°å›¾ç‰‡æ–¹å‘ä¿¡æ¯: 1
2025-08-01 21:07:03,109 - INFO - å›¾ç‰‡å·²é«˜è´¨é‡æ”¾å¤§åˆ° 23040x15360
2025-08-01 21:07:08,085 - INFO - å›¾ç‰‡å·²å¤šçº§é”åŒ–å¤„ç†
2025-08-01 21:07:13,049 - INFO - å›¾ç‰‡å·²å¤šçº§é”åŒ–å¤„ç†
2025-08-01 21:07:18,576 - INFO - å›¾ç‰‡å·²å¤šçº§é”åŒ–å¤„ç†
2025-08-01 21:07:23,182 - INFO - å›¾ç‰‡å¯¹æ¯”åº¦å·²å¢å¼º
2025-08-01 21:07:27,408 - INFO - å›¾ç‰‡é¥±å’Œåº¦å·²å¢å¼º
2025-08-01 21:07:31,112 - INFO - å›¾ç‰‡äº®åº¦å·²è°ƒæ•´
2025-08-01 21:07:39,029 - INFO - å›¾ç‰‡å·²å†æ¬¡é”åŒ–
2025-08-01 21:07:48,092 - INFO - å›¾ç‰‡å·²æœ€ç»ˆè¾¹ç¼˜å¢å¼º
2025-08-01 21:07:56,724 - INFO - å›¾ç‰‡å·²æœ€ç»ˆé”åŒ–
2025-08-01 21:07:56,725 - INFO - æè‡´è¶…çº§æ¸…æ™°å¢å¼ºå®Œæˆ: uploads\7157c58007c449d8_DSC08968.JPG
2025-08-01 21:08:00,338 - INFO - å›¾ç‰‡å¤„ç†æˆåŠŸ: uploads\7157c58007c449d8_DSC08968.JPG
2025-08-01 21:08:01,535 - INFO - ä¸´æ—¶æ–‡ä»¶æ¸…ç†æˆåŠŸ: uploads\7157c58007c449d8_DSC08968.JPG
2025-08-01 21:08:01,608 - DEBUG - Sanic-CORS: Request to '/api/upload' matches CORS resource '/*'. Using options: {'origins': ['.*'], 'methods': 'DELETE, GET, HEAD, OPTIONS, PATCH, POST, PUT', 'allow_headers': ['.*'], 'expose_headers': None, 'supports_credentials': False, 'max_age': None, 'send_wildcard': False, 'automatic_options': True, 'vary_header': True, 'resources': '/*', 'intercept_exceptions': True, 'always_send': True}
2025-08-01 21:08:01,777 - INFO - 
2025-08-01 21:08:01,895 - WARNING - Executing <Task pending name='Task-7' coro=<HttpProtocol.connection_task() running at C:\Users\root\AppData\Local\Programs\Python\Python312\Lib\site-packages\sanic\server\protocols\http_protocol.py:153> wait_for=<Future pending cb=[Task.task_wakeup()] created at C:\Users\root\AppData\Local\Programs\Python\Python312\Lib\asyncio\base_events.py:448> created at C:\Users\root\AppData\Local\Programs\Python\Python312\Lib\site-packages\sanic\server\protocols\http_protocol.py:265> took 61.922 seconds
2025-08-01 21:08:34,967 - INFO - æ”¶åˆ°å›¾ç‰‡ä¸Šä¼ è¯·æ±‚
2025-08-01 21:08:34,976 - INFO - æ–‡ä»¶ä¿å­˜æˆåŠŸ: uploads\51e976cb576c5d0b_DSC08968.JPG
2025-08-01 21:08:34,976 - INFO - å¼€å§‹æè‡´è¶…çº§æ¸…æ™°å¢å¼º: uploads\51e976cb576c5d0b_DSC08968.JPG
2025-08-01 21:08:34,983 - INFO - å¼€å§‹ä¿®å¤å›¾ç‰‡æ–¹å‘...
2025-08-01 21:08:34,984 - INFO - æ£€æµ‹åˆ°å›¾ç‰‡æ–¹å‘ä¿¡æ¯: 1
2025-08-01 21:08:38,197 - INFO - å›¾ç‰‡å·²é«˜è´¨é‡æ”¾å¤§åˆ° 23040x15360
2025-08-01 21:08:43,290 - INFO - å›¾ç‰‡å·²å¤šçº§é”åŒ–å¤„ç†
2025-08-01 21:08:48,375 - INFO - å›¾ç‰‡å·²å¤šçº§é”åŒ–å¤„ç†
2025-08-01 21:08:54,032 - INFO - å›¾ç‰‡å·²å¤šçº§é”åŒ–å¤„ç†
2025-08-01 21:08:58,728 - INFO - å›¾ç‰‡å¯¹æ¯”åº¦å·²å¢å¼º
2025-08-01 21:09:02,789 - INFO - å›¾ç‰‡é¥±å’Œåº¦å·²å¢å¼º
2025-08-01 21:09:06,489 - INFO - å›¾ç‰‡äº®åº¦å·²è°ƒæ•´
2025-08-01 21:09:14,835 - INFO - å›¾ç‰‡å·²å†æ¬¡é”åŒ–
2025-08-01 21:09:23,918 - INFO - å›¾ç‰‡å·²æœ€ç»ˆè¾¹ç¼˜å¢å¼º
2025-08-01 21:09:32,588 - INFO - å›¾ç‰‡å·²æœ€ç»ˆé”åŒ–
2025-08-01 21:09:32,589 - INFO - æè‡´è¶…çº§æ¸…æ™°å¢å¼ºå®Œæˆ: uploads\51e976cb576c5d0b_DSC08968.JPG
2025-08-01 21:09:36,338 - INFO - å›¾ç‰‡å¤„ç†æˆåŠŸ: uploads\51e976cb576c5d0b_DSC08968.JPG
2025-08-01 21:09:37,526 - INFO - ä¸´æ—¶æ–‡ä»¶æ¸…ç†æˆåŠŸ: uploads\51e976cb576c5d0b_DSC08968.JPG
2025-08-01 21:09:37,611 - DEBUG - Sanic-CORS: Request to '/api/upload' matches CORS resource '/*'. Using options: {'origins': ['.*'], 'methods': 'DELETE, GET, HEAD, OPTIONS, PATCH, POST, PUT', 'allow_headers': ['.*'], 'expose_headers': None, 'supports_credentials': False, 'max_age': None, 'send_wildcard': False, 'automatic_options': True, 'vary_header': True, 'resources': '/*', 'intercept_exceptions': True, 'always_send': True}
2025-08-01 21:09:37,791 - INFO - 
2025-08-01 21:09:37,911 - WARNING - Executing <Task pending name='Task-7' coro=<HttpProtocol.connection_task() running at C:\Users\root\AppData\Local\Programs\Python\Python312\Lib\site-packages\sanic\server\protocols\http_protocol.py:153> wait_for=<Future pending cb=[Task.task_wakeup()] created at C:\Users\root\AppData\Local\Programs\Python\Python312\Lib\asyncio\base_events.py:448> created at C:\Users\root\AppData\Local\Programs\Python\Python312\Lib\site-packages\sanic\server\protocols\http_protocol.py:265> took 62.938 seconds
2025-08-01 21:09:37,968 - INFO - æ”¶åˆ°å›¾ç‰‡ä¸Šä¼ è¯·æ±‚
2025-08-01 21:09:37,977 - INFO - æ–‡ä»¶ä¿å­˜æˆåŠŸ: uploads\8818410bdf719497_DSC08962.JPG
2025-08-01 21:09:37,977 - INFO - å¼€å§‹è¶…çº§è´¨é‡å¢å¼º: uploads\8818410bdf719497_DSC08962.JPG
2025-08-01 21:09:37,984 - INFO - å¼€å§‹ä¿®å¤å›¾ç‰‡æ–¹å‘...
2025-08-01 21:09:37,985 - INFO - æ£€æµ‹åˆ°å›¾ç‰‡æ–¹å‘ä¿¡æ¯: 8
2025-08-01 21:09:38,120 - INFO - å›¾ç‰‡æ—‹è½¬90åº¦
2025-08-01 21:09:38,757 - INFO - å›¾ç‰‡å·²é«˜è´¨é‡æ”¾å¤§åˆ° 6144x9216
2025-08-01 21:09:39,574 - INFO - å›¾ç‰‡å·²æ¸©å’Œé”åŒ–å¤„ç†
2025-08-01 21:09:40,098 - INFO - å›¾ç‰‡å¯¹æ¯”åº¦å·²å¢å¼º
2025-08-01 21:09:40,526 - INFO - å›¾ç‰‡é¥±å’Œåº¦å·²å¢å¼º
2025-08-01 21:09:40,904 - INFO - å›¾ç‰‡äº®åº¦å·²è°ƒæ•´
2025-08-01 21:09:41,787 - INFO - å›¾ç‰‡å·²ç»†èŠ‚å¢å¼º
2025-08-01 21:09:41,787 - INFO - è¶…çº§è´¨é‡å¢å¼ºå®Œæˆ: uploads\8818410bdf719497_DSC08962.JPG
2025-08-01 21:09:42,081 - INFO - å›¾ç‰‡å¤„ç†æˆåŠŸ: uploads\8818410bdf719497_DSC08962.JPG
2025-08-01 21:09:42,150 - INFO - ä¸´æ—¶æ–‡ä»¶æ¸…ç†æˆåŠŸ: uploads\8818410bdf719497_DSC08962.JPG
2025-08-01 21:09:42,158 - DEBUG - Sanic-CORS: Request to '/api/upload' matches CORS resource '/*'. Using options: {'origins': ['.*'], 'methods': 'DELETE, GET, HEAD, OPTIONS, PATCH, POST, PUT', 'allow_headers': ['.*'], 'expose_headers': None, 'supports_credentials': False, 'max_age': None, 'send_wildcard': False, 'automatic_options': True, 'vary_header': True, 'resources': '/*', 'intercept_exceptions': True, 'always_send': True}
2025-08-01 21:09:42,164 - INFO - 
2025-08-01 21:09:42,171 - WARNING - Executing <Task pending name='Task-12' coro=<HttpProtocol.connection_task() running at C:\Users\root\AppData\Local\Programs\Python\Python312\Lib\site-packages\sanic\server\protocols\http_protocol.py:153> wait_for=<Future pending cb=[Task.task_wakeup()] created at C:\Users\root\AppData\Local\Programs\Python\Python312\Lib\asyncio\base_events.py:448> created at C:\Users\root\AppData\Local\Programs\Python\Python312\Lib\site-packages\sanic\server\protocols\http_protocol.py:265> took 4.203 seconds
2025-08-01 21:11:56,974 - INFO - æ”¶åˆ°å›¾ç‰‡ä¸Šä¼ è¯·æ±‚
2025-08-01 21:11:56,982 - INFO - æ–‡ä»¶ä¿å­˜æˆåŠŸ: uploads\2291de24e40d2c48_DSC08962.JPG
2025-08-01 21:11:56,983 - INFO - å¼€å§‹æè‡´è¶…çº§æ¸…æ™°å¢å¼º: uploads\2291de24e40d2c48_DSC08962.JPG
2025-08-01 21:11:56,992 - INFO - å¼€å§‹ä¿®å¤å›¾ç‰‡æ–¹å‘...
2025-08-01 21:11:56,993 - INFO - æ£€æµ‹åˆ°å›¾ç‰‡æ–¹å‘ä¿¡æ¯: 8
2025-08-01 21:11:57,126 - INFO - å›¾ç‰‡æ—‹è½¬90åº¦
2025-08-01 21:12:00,233 - INFO - å›¾ç‰‡å·²é«˜è´¨é‡æ”¾å¤§åˆ° 15360x23040
2025-08-01 21:12:05,469 - INFO - å›¾ç‰‡å·²å¤šçº§é”åŒ–å¤„ç†
2025-08-01 21:12:10,436 - INFO - å›¾ç‰‡å·²å¤šçº§é”åŒ–å¤„ç†
2025-08-01 21:12:16,407 - INFO - å›¾ç‰‡å·²å¤šçº§é”åŒ–å¤„ç†
2025-08-01 21:12:21,542 - INFO - å›¾ç‰‡å¯¹æ¯”åº¦å·²å¢å¼º
2025-08-01 21:12:26,322 - INFO - å›¾ç‰‡é¥±å’Œåº¦å·²å¢å¼º
2025-08-01 21:12:30,766 - INFO - å›¾ç‰‡äº®åº¦å·²è°ƒæ•´
2025-08-01 21:12:38,994 - INFO - å›¾ç‰‡å·²å†æ¬¡é”åŒ–
2025-08-01 21:12:48,061 - INFO - å›¾ç‰‡å·²æœ€ç»ˆè¾¹ç¼˜å¢å¼º
2025-08-01 21:12:56,707 - INFO - å›¾ç‰‡å·²æœ€ç»ˆé”åŒ–
2025-08-01 21:12:56,708 - INFO - æè‡´è¶…çº§æ¸…æ™°å¢å¼ºå®Œæˆ: uploads\2291de24e40d2c48_DSC08962.JPG
2025-08-01 21:13:00,375 - INFO - å›¾ç‰‡å¤„ç†æˆåŠŸ: uploads\2291de24e40d2c48_DSC08962.JPG
2025-08-01 21:13:01,538 - INFO - ä¸´æ—¶æ–‡ä»¶æ¸…ç†æˆåŠŸ: uploads\2291de24e40d2c48_DSC08962.JPG
2025-08-01 21:13:01,611 - DEBUG - Sanic-CORS: Request to '/api/upload' matches CORS resource '/*'. Using options: {'origins': ['.*'], 'methods': 'DELETE, GET, HEAD, OPTIONS, PATCH, POST, PUT', 'allow_headers': ['.*'], 'expose_headers': None, 'supports_credentials': False, 'max_age': None, 'send_wildcard': False, 'automatic_options': True, 'vary_header': True, 'resources': '/*', 'intercept_exceptions': True, 'always_send': True}
2025-08-01 21:13:01,788 - INFO - 
2025-08-01 21:13:01,903 - WARNING - Executing <Task pending name='Task-12' coro=<HttpProtocol.connection_task() running at C:\Users\root\AppData\Local\Programs\Python\Python312\Lib\site-packages\sanic\server\protocols\http_protocol.py:153> wait_for=<Future pending cb=[Task.task_wakeup()] created at C:\Users\root\AppData\Local\Programs\Python\Python312\Lib\asyncio\base_events.py:448> created at C:\Users\root\AppData\Local\Programs\Python\Python312\Lib\site-packages\sanic\server\protocols\http_protocol.py:265> took 64.922 seconds
2025-08-01 21:15:01,882 - DEBUG - KeepAlive Timeout. Closing connection.
2025-08-01 21:17:22,201 - INFO - Received signal SIGINT. Shutting down.
2025-08-01 21:17:22,201 - DEBUG - [34mTerminating a process: [1m[38;2;255;13;104mSanic-Server-0-0 [34m[13348][0m
2025-08-01 21:17:22,202 - INFO - Server Stopped
